<?xml version="1.0" encoding="UTF-8"?>
<testng-results ignored="0" total="1" passed="1" failed="0" skipped="0">
  <reporter-output>
  </reporter-output>
  <suite started-at="2023-09-08T15:57:35 IST" name="Default suite" finished-at="2023-09-08T15:57:36 IST" duration-ms="1591">
    <groups>
    </groups>
    <test started-at="2023-09-08T15:57:35 IST" name="Default test" finished-at="2023-09-08T15:57:36 IST" duration-ms="1591">
      <class name="Base_Comments.Create_User1">
        <test-method signature="Create_User()[pri:0, instance:Base_Comments.Create_User1@2c1b9e4b]" started-at="2023-09-08T15:57:35 IST" name="Create_User" finished-at="2023-09-08T15:57:36 IST" duration-ms="1469" status="PASS">
          <reporter-output>
          </reporter-output>
        </test-method> <!-- Create_User -->
      </class> <!-- Base_Comments.Create_User1 -->
    </test> <!-- Default test -->
  </suite> <!-- Default suite -->
</testng-results>
